<?xml version="1.0" encoding="UTF-8"?>
<coverage generated="1671143445172" clover="3.2.0">
  <project timestamp="1671143445172" name="All files">
    <metrics statements="38" coveredstatements="15" conditionals="6" coveredconditionals="0" methods="14" coveredmethods="1" elements="58" coveredelements="16" complexity="0" loc="38" ncloc="38" packages="6" files="7" classes="7"/>
    <package name="code-assets.frontend.csun-dash.src">
      <metrics statements="1" coveredstatements="1" conditionals="0" coveredconditionals="0" methods="0" coveredmethods="0"/>
      <file name="classCodes.js" path="C:\Users\n1mz\Desktop\Repository\CSUN\Comp 490L\CSUN-Dashboard\code-assets\frontend\csun-dash\src\classCodes.js">
        <metrics statements="1" coveredstatements="1" conditionals="0" coveredconditionals="0" methods="0" coveredmethods="0"/>
        <line num="1" count="1" type="stmt"/>
      </file>
    </package>
    <package name="code-assets.frontend.csun-dash.src.components">
      <metrics statements="5" coveredstatements="4" conditionals="0" coveredconditionals="0" methods="1" coveredmethods="0"/>
      <file name="Header.js" path="C:\Users\n1mz\Desktop\Repository\CSUN\Comp 490L\CSUN-Dashboard\code-assets\frontend\csun-dash\src\components\Header.js">
        <metrics statements="5" coveredstatements="4" conditionals="0" coveredconditionals="0" methods="1" coveredmethods="0"/>
        <line num="6" count="0" type="stmt"/>
        <line num="24" count="1" type="stmt"/>
        <line num="33" count="1" type="stmt"/>
        <line num="43" count="1" type="stmt"/>
        <line num="52" count="1" type="stmt"/>
      </file>
    </package>
    <package name="code-assets.frontend.csun-dash.src.elements.Professor_Search">
      <metrics statements="10" coveredstatements="3" conditionals="0" coveredconditionals="0" methods="5" coveredmethods="0"/>
      <file name="ProfessorsSearchBody.js" path="C:\Users\n1mz\Desktop\Repository\CSUN\Comp 490L\CSUN-Dashboard\code-assets\frontend\csun-dash\src\elements\Professor_Search\ProfessorsSearchBody.js">
        <metrics statements="6" coveredstatements="1" conditionals="0" coveredconditionals="0" methods="3" coveredmethods="0"/>
        <line num="14" count="0" type="stmt"/>
        <line num="16" count="0" type="stmt"/>
        <line num="17" count="0" type="stmt"/>
        <line num="22" count="0" type="stmt"/>
        <line num="37" count="0" type="stmt"/>
        <line num="48" count="1" type="stmt"/>
      </file>
      <file name="SubjectSearchDropdown.js" path="C:\Users\n1mz\Desktop\Repository\CSUN\Comp 490L\CSUN-Dashboard\code-assets\frontend\csun-dash\src\elements\Professor_Search\SubjectSearchDropdown.js">
        <metrics statements="4" coveredstatements="2" conditionals="0" coveredconditionals="0" methods="2" coveredmethods="0"/>
        <line num="11" count="0" type="stmt"/>
        <line num="26" count="0" type="stmt"/>
        <line num="37" count="1" type="stmt"/>
        <line num="44" count="1" type="stmt"/>
      </file>
    </package>
    <package name="code-assets.frontend.csun-dash.src.elements.Professor_Search.Data_Table_Components">
      <metrics statements="10" coveredstatements="5" conditionals="2" coveredconditionals="0" methods="2" coveredmethods="0"/>
      <file name="DataTableRow.js" path="C:\Users\n1mz\Desktop\Repository\CSUN\Comp 490L\CSUN-Dashboard\code-assets\frontend\csun-dash\src\elements\Professor_Search\Data_Table_Components\DataTableRow.js">
        <metrics statements="10" coveredstatements="5" conditionals="2" coveredconditionals="0" methods="2" coveredmethods="0"/>
        <line num="20" count="0" type="stmt"/>
        <line num="21" count="0" type="stmt"/>
        <line num="22" count="0" type="stmt"/>
        <line num="24" count="0" type="stmt"/>
        <line num="30" count="0" type="stmt"/>
        <line num="69" count="1" type="stmt"/>
        <line num="73" count="1" type="stmt"/>
        <line num="78" count="1" type="stmt"/>
        <line num="82" count="1" type="stmt"/>
        <line num="88" count="1" type="stmt"/>
      </file>
    </package>
    <package name="code-assets.frontend.csun-dash.src.pages">
      <metrics statements="10" coveredstatements="0" conditionals="4" coveredconditionals="0" methods="5" coveredmethods="0"/>
      <file name="ProfessorSearchPage.js" path="C:\Users\n1mz\Desktop\Repository\CSUN\Comp 490L\CSUN-Dashboard\code-assets\frontend\csun-dash\src\pages\ProfessorSearchPage.js">
        <metrics statements="10" coveredstatements="0" conditionals="4" coveredconditionals="0" methods="5" coveredmethods="0"/>
        <line num="8" count="0" type="stmt"/>
        <line num="9" count="0" type="stmt"/>
        <line num="13" count="0" type="stmt"/>
        <line num="15" count="0" type="stmt"/>
        <line num="16" count="0" type="stmt"/>
        <line num="18" count="0" type="stmt"/>
        <line num="20" count="0" type="stmt"/>
        <line num="21" count="0" type="stmt"/>
        <line num="24" count="0" type="stmt"/>
        <line num="30" count="0" type="stmt"/>
      </file>
    </package>
    <package name="test.frontend">
      <metrics statements="2" coveredstatements="2" conditionals="0" coveredconditionals="0" methods="1" coveredmethods="1"/>
      <file name="sum.js" path="C:\Users\n1mz\Desktop\Repository\CSUN\Comp 490L\CSUN-Dashboard\test\frontend\sum.js">
        <metrics statements="2" coveredstatements="2" conditionals="0" coveredconditionals="0" methods="1" coveredmethods="1"/>
        <line num="2" count="1" type="stmt"/>
        <line num="4" count="1" type="stmt"/>
      </file>
    </package>
  </project>
</coverage>
