TN:
SF:code-assets\frontend\csun-dash\src\classCodes.js
FNF:0
FNH:0
DA:1,1
LF:1
LH:1
BRF:0
BRH:0
end_of_record
TN:
SF:code-assets\frontend\csun-dash\src\components\Header.js
FN:5,Header
FNF:1
FNH:0
FNDA:0,Header
DA:6,0
DA:24,1
DA:33,1
DA:43,1
DA:52,1
LF:5
LH:4
BRF:0
BRH:0
end_of_record
TN:
SF:code-assets\frontend\csun-dash\src\elements\Professor_Search\ProfessorsSearchBody.js
FN:13,ProfessorsSearchPage
FN:16,(anonymous_1)
FN:36,(anonymous_2)
FNF:3
FNH:0
FNDA:0,ProfessorsSearchPage
FNDA:0,(anonymous_1)
FNDA:0,(anonymous_2)
DA:14,0
DA:16,0
DA:17,0
DA:22,0
DA:37,0
DA:48,1
LF:6
LH:1
BRF:0
BRH:0
end_of_record
TN:
SF:code-assets\frontend\csun-dash\src\elements\Professor_Search\SubjectSearchDropdown.js
FN:10,SubjectSearchDropdown
FN:25,(anonymous_1)
FNF:2
FNH:0
FNDA:0,SubjectSearchDropdown
FNDA:0,(anonymous_1)
DA:11,0
DA:26,0
DA:37,1
DA:44,1
LF:4
LH:2
BRF:0
BRH:0
end_of_record
TN:
SF:code-assets\frontend\csun-dash\src\elements\Professor_Search\Data_Table_Components\DataTableRow.js
FN:19,DataTableRow
FN:30,(anonymous_1)
FNF:2
FNH:0
FNDA:0,DataTableRow
FNDA:0,(anonymous_1)
DA:20,0
DA:21,0
DA:22,0
DA:24,0
DA:30,0
DA:69,1
DA:73,1
DA:78,1
DA:82,1
DA:88,1
LF:10
LH:5
BRDA:31,0,0,0
BRDA:31,0,1,0
BRF:2
BRH:0
end_of_record
TN:
SF:code-assets\frontend\csun-dash\src\pages\ProfessorSearchPage.js
FN:7,ProfessorsSearchPage
FN:12,handleSubjectChange
FN:16,(anonymous_2)
FN:17,(anonymous_3)
FN:20,(anonymous_4)
FNF:5
FNH:0
FNDA:0,ProfessorsSearchPage
FNDA:0,handleSubjectChange
FNDA:0,(anonymous_2)
FNDA:0,(anonymous_3)
FNDA:0,(anonymous_4)
DA:8,0
DA:9,0
DA:13,0
DA:15,0
DA:16,0
DA:18,0
DA:20,0
DA:21,0
DA:24,0
DA:30,0
LF:10
LH:0
BRDA:40,0,0,0
BRDA:40,0,1,0
BRDA:43,1,0,0
BRDA:43,1,1,0
BRF:4
BRH:0
end_of_record
TN:
SF:test\frontend\sum.js
FN:1,sum
FNF:1
FNH:1
FNDA:1,sum
DA:2,1
DA:4,1
LF:2
LH:2
BRF:0
BRH:0
end_of_record
